<?xml version="1.0" encoding="UTF-8"?>
<!-- Generated by org.testng.reporters.JUnitReportReporter -->
<testsuite hostname="DESKTOP-AL6N056" failures="0" tests="6" name="com.clearcode.testsuite.TestSuite1" time="99.024" errors="0" timestamp="2020-06-19T14:45:36 IST" skipped="0">
  <testcase classname="com.clearcode.testsuite.TestSuite1" name="realEstate" time="24.766"/>
  <testcase classname="com.clearcode.testsuite.TestSuite1" name="secondTest" time="15.624"/>
  <testcase classname="com.clearcode.testsuite.TestSuite1" name="realEstate" time="15.372"/>
  <testcase classname="com.clearcode.testsuite.TestSuite1" name="secondTest" time="14.648"/>
  <testcase classname="com.clearcode.testsuite.TestSuite1" name="realEstate" time="13.849"/>
  <testcase classname="com.clearcode.testsuite.TestSuite1" name="secondTest" time="14.765"/>
</testsuite> <!-- com.clearcode.testsuite.TestSuite1 -->
